2019-11-12 10:30:02,661 INFO [root] [app.py(<module>:69)] - hello
2019-11-12 10:30:02,661 WARNING [root] [app.py(<module>:70)] - 危险
2019-11-12 10:53:35,787 INFO [root] [app.py(<module>:69)] - hello
2019-11-12 10:53:35,788 WARNING [root] [app.py(<module>:70)] - 危险
2019-11-12 10:53:35,825 INFO [root] [test_IHRM_Emp.py(test_delete:69)] - 删除员工信息
2019-11-12 10:55:37,838 INFO [root] [test_IHRM_Emp.py(test_add:30)] - 新增员工信息
2019-11-12 10:55:37,844 INFO [root] [test_IHRM_Emp.py(test_delete:70)] - 删除员工信息
2019-11-12 10:55:37,844 INFO [root] [test_IHRM_Emp.py(test_delete:70)] - 删除员工信息
2019-11-12 10:55:37,850 INFO [root] [test_IHRM_Emp.py(test_get:58)] - 查询员工信息
2019-11-12 10:55:37,850 INFO [root] [test_IHRM_Emp.py(test_get:58)] - 查询员工信息
2019-11-12 10:55:37,850 INFO [root] [test_IHRM_Emp.py(test_get:58)] - 查询员工信息
2019-11-12 10:55:37,929 INFO [root] [test_IHRM_Emp.py(test_update:47)] - 修改员工信息
2019-11-12 10:55:37,929 INFO [root] [test_IHRM_Emp.py(test_update:47)] - 修改员工信息
2019-11-12 10:55:37,929 INFO [root] [test_IHRM_Emp.py(test_update:47)] - 修改员工信息
2019-11-12 10:55:37,929 INFO [root] [test_IHRM_Emp.py(test_update:47)] - 修改员工信息
2019-11-12 10:57:17,510 INFO [root] [test_IHRM_Emp.py(test_add:30)] - 新增员工信息
2019-11-12 10:57:17,549 INFO [root] [test_IHRM_Emp.py(test_update:47)] - 修改员工信息
2019-11-12 10:57:17,549 INFO [root] [test_IHRM_Emp.py(test_update:47)] - 修改员工信息
2019-11-12 10:57:17,580 INFO [root] [test_IHRM_Emp.py(test_get:58)] - 查询员工信息
2019-11-12 10:57:17,580 INFO [root] [test_IHRM_Emp.py(test_get:58)] - 查询员工信息
2019-11-12 10:57:17,580 INFO [root] [test_IHRM_Emp.py(test_get:58)] - 查询员工信息
2019-11-12 10:57:17,611 INFO [root] [test_IHRM_Emp.py(test_delete:70)] - 删除员工信息
2019-11-12 10:57:17,611 INFO [root] [test_IHRM_Emp.py(test_delete:70)] - 删除员工信息
2019-11-12 10:57:17,611 INFO [root] [test_IHRM_Emp.py(test_delete:70)] - 删除员工信息
2019-11-12 10:57:17,611 INFO [root] [test_IHRM_Emp.py(test_delete:70)] - 删除员工信息
2019-11-12 14:46:02,098 INFO [root] [test_IHRM_Emp.py(test_add:28)] - 增加员工信息
2019-11-12 14:47:00,972 INFO [root] [test_IHRM_Emp.py(test_add:28)] - 增加员工信息
2019-11-12 14:47:01,001 WARNING [root] [test_IHRM_Emp.py(test_update:45)] - 修改员工信息
2019-11-12 14:47:01,031 WARNING [root] [test_IHRM_Emp.py(test_get:56)] - 查询员工信息
2019-11-12 14:47:01,054 WARNING [root] [test_IHRM_Emp.py(test_delete:68)] - 删除员工信息
